c[?7l[2J[0mSeaBIOS (version 1.16.3-debian-1.16.3-2)


iPXE (https://ipxe.org) 00:03.0 CA00 PCI2.10 PnP PMM+06FCAE00+06F0AE00 CA00
Press Ctrl-B to configure iPXE (PCI 00:03.0)...


Booting from ROM..[Multiboot] Mmap detected (Length: 0x90)
MMAP: Base=0x00000000, Length=0x0009FC00, Type=Available
MMAP: Base=0x0009FC00, Length=0x00000400, Type=Reserved
MMAP: Base=0x000F0000, Length=0x00010000, Type=Reserved
MMAP: Base=0x00100000, Length=0x07EE0000, Type=Available
MMAP: Base=0x07FE0000, Length=0x00020000, Type=Reserved
MMAP: Base=0xFFFC0000, Length=0x00040000, Type=Reserved
[Memory] Initialized physical frame allocator. First 8MB reserved.
Paging enabled successfully!
Loading GDT...
GDT Loaded Successfully!
Loading IDT...
IDT Loaded Successfully!
Testing Breakpoint...
EXCEPTION: BREAKPOINT
Initializing PIC...
PIC Initialized!
Enabling Interrupts...
Hello, Rust OS World! Hex: 0xDEADBEEF
Testing dynamic memory mapping...
Successfully wrote to mapped memory. Read back: 0x12345678
Testing Page Fault Exception (Accessing unmapped memory at 0x50000000)...
PAGE FAULT at address: 0x50000000 (Error Code: 0x0)
